  DefineStudy.cpp
C:\Users\lostm\Desktop\C++Study\Define\DefineStudy\DefineStudy\DefineStudy.cpp(11,5): error C2065: “_In_T”: 未声明的标识符
C:\Users\lostm\Desktop\C++Study\Define\DefineStudy\DefineStudy\DefineStudy.cpp(11,12): error C2059: 语法错误:“const”
C:\Users\lostm\Desktop\C++Study\Define\DefineStudy\DefineStudy\DefineStudy.cpp(13,1): error C2143: 语法错误: 缺少“;”(在“{”的前面)
C:\Users\lostm\Desktop\C++Study\Define\DefineStudy\DefineStudy\DefineStudy.cpp(13,1): error C2447: “{”: 缺少函数标题(是否是老式的形式表?)
C:\Users\lostm\Desktop\C++Study\Define\DefineStudy\DefineStudy\DefineStudy.cpp(21,5): error C3861: “PrintTest”: 找不到标识符
